2025-06-01 20:37:40,343 [INFO] Fetching market data...
2025-06-01 20:37:40,705 [INFO] Analyzing 150 listings...
2025-06-01 20:37:44,414 [INFO] Bot interrupted by user.
2025-06-01 20:38:27,111 [INFO] Fetching market data...
2025-06-01 20:38:27,525 [INFO] Analyzing 150 listings...
2025-06-01 20:38:27,527 [INFO] 18 profit opportunities found!
2025-06-01 20:38:31,970 [INFO] Bot interrupted by user.
2025-06-01 20:41:31,861 [INFO] Fetching market data...
2025-06-01 20:41:32,215 [INFO] Analyzing 150 listings...
2025-06-01 20:41:32,220 [INFO] 18 profit opportunities found!
2025-06-01 20:41:38,116 [INFO] Bot interrupted by user.
2025-06-01 20:51:15,641 [INFO] Fetching market data...
2025-06-01 20:51:16,307 [INFO] Analyzing 150 listings...
2025-06-01 20:51:16,307 [INFO] No profitable deals found.
2025-06-01 20:51:25,262 [INFO] Bot interrupted by user.
2025-06-01 20:52:25,123 [INFO] Fetching market data...
2025-06-01 20:52:25,608 [INFO] Analyzing 150 listings...
2025-06-01 20:52:25,608 [INFO] No profitable deals found.
2025-06-01 20:52:26,937 [INFO] Bot interrupted by user.
2025-06-01 20:53:14,361 [INFO] Fetching market data...
2025-06-01 20:53:14,718 [INFO] Analyzing 150 listings...
2025-06-01 20:53:14,720 [INFO] 5 profit opportunities found!
2025-06-01 20:53:28,495 [INFO] Bot interrupted by user.
2025-06-01 21:05:03,657 [INFO] Fetching market data...
2025-06-01 21:05:04,809 [INFO] Analyzing 150 listings...
2025-06-01 21:05:07,972 [INFO] 1 profit opportunities found!
2025-06-01 21:05:18,282 [INFO] Bot interrupted by user.
2025-06-01 21:09:32,567 [INFO] Fetching market data...
2025-06-01 21:09:35,043 [INFO] Analyzing 1000 listings...
2025-06-01 21:09:36,779 [INFO] 1 profit opportunities found!
2025-06-01 21:09:39,078 [INFO] Bot interrupted by user.
2025-06-01 21:09:52,350 [INFO] Fetching market data...
2025-06-01 21:09:54,841 [INFO] Analyzing 1000 listings...
2025-06-01 21:09:56,572 [INFO] 1 profit opportunities found!
2025-06-01 21:10:02,271 [INFO] Bot interrupted by user.
2025-06-01 21:12:30,055 [INFO] Fetching market data...
2025-06-01 21:12:32,864 [INFO] Analyzing 1000 listings...
2025-06-01 21:12:34,608 [INFO] 2 profit opportunities found!
2025-06-01 21:12:41,900 [INFO] Bot interrupted by user.
2025-06-01 21:14:37,196 [INFO] Fetching market data...
2025-06-01 21:14:39,938 [INFO] Analyzing 1000 listings...
2025-06-01 21:15:12,252 [INFO] Bot interrupted by user.
2025-06-01 21:17:04,963 [INFO] Fetching market data...
2025-06-01 21:17:07,413 [INFO] Analyzing 1000 listings...
2025-06-01 21:17:10,748 [INFO] 2 profit opportunities found!
2025-06-01 21:17:15,026 [INFO] Bot interrupted by user.
2025-06-01 21:17:38,309 [INFO] Fetching market data...
2025-06-01 21:17:44,937 [INFO] Analyzing 2500 listings...
2025-06-01 21:17:48,262 [INFO] 2 profit opportunities found!
2025-06-01 21:17:56,155 [INFO] Bot interrupted by user.
2025-06-01 21:18:15,423 [INFO] Fetching market data...
2025-06-01 21:18:30,269 [INFO] Analyzing 5500 listings...
2025-06-01 21:18:33,578 [INFO] 2 profit opportunities found!
2025-06-01 21:18:36,362 [INFO] Bot interrupted by user.
2025-06-01 21:21:06,987 [INFO] Fetching market data...
2025-06-01 21:21:07,075 [WARNING] No listings received from API.
2025-06-01 21:21:09,087 [INFO] Bot interrupted by user.
